<?xml version="1.0" encoding="UTF-8"?>
<testng-results skipped="0" failed="0" ignored="0" total="8" passed="8">
  <reporter-output>
  </reporter-output>
  <suite name="CreateLead Test Automation Page Object Model Suite" duration-ms="248069" started-at="2019-11-10T23:10:29 IST" finished-at="2019-11-10T23:14:37 IST">
    <groups>
    </groups>
    <test name="CreateLead Test Automation Page Object Model Test Cases" duration-ms="248069" started-at="2019-11-10T23:10:29 IST" finished-at="2019-11-10T23:14:37 IST">
      <class name="org.testleaf.qa.testcases.DeleteLeadTestCases">
        <test-method status="PASS" signature="setDeleteLeadData()[pri:0, instance:org.testleaf.qa.testcases.DeleteLeadTestCases@b1ffe6]" name="setDeleteLeadData" is-config="true" duration-ms="1" started-at="2019-11-10T23:10:29 IST" finished-at="2019-11-10T23:10:29 IST">
          <reporter-output>
          </reporter-output>
        </test-method> <!-- setDeleteLeadData -->
        <test-method status="PASS" signature="login(java.lang.String)[pri:0, instance:org.testleaf.qa.testcases.DeleteLeadTestCases@b1ffe6]" name="login" is-config="true" duration-ms="4865" started-at="2019-11-10T23:13:26 IST" finished-at="2019-11-10T23:13:31 IST">
          <params>
            <param index="0">
              <value>
                <![CDATA[http://leaftaps.com/opentaps/control/main]]>
              </value>
            </param>
          </params>
          <reporter-output>
          </reporter-output>
        </test-method> <!-- login -->
        <test-method status="PASS" signature="runDeleteLeadTestCases(java.lang.String, java.lang.String, java.lang.String)[pri:0, instance:org.testleaf.qa.testcases.DeleteLeadTestCases@b1ffe6]" name="runDeleteLeadTestCases" duration-ms="30623" started-at="2019-11-10T23:13:31 IST" data-provider="fetchLeadsData" finished-at="2019-11-10T23:14:02 IST">
          <params>
            <param index="0">
              <value>
                <![CDATA[DemoSalesManager]]>
              </value>
            </param>
            <param index="1">
              <value>
                <![CDATA[crmsfa]]>
              </value>
            </param>
            <param index="2">
              <value>
                <![CDATA[1]]>
              </value>
            </param>
          </params>
          <reporter-output>
          </reporter-output>
        </test-method> <!-- runDeleteLeadTestCases -->
        <test-method status="PASS" signature="closeBrowser()[pri:0, instance:org.testleaf.qa.testcases.DeleteLeadTestCases@b1ffe6]" name="closeBrowser" is-config="true" duration-ms="2114" started-at="2019-11-10T23:14:02 IST" finished-at="2019-11-10T23:14:04 IST">
          <reporter-output>
          </reporter-output>
        </test-method> <!-- closeBrowser -->
      </class> <!-- org.testleaf.qa.testcases.DeleteLeadTestCases -->
      <class name="org.testleaf.qa.testcases.EditLeadTestCases">
        <test-method status="PASS" signature="setEditLeadData()[pri:0, instance:org.testleaf.qa.testcases.EditLeadTestCases@170d1b1]" name="setEditLeadData" is-config="true" duration-ms="0" started-at="2019-11-10T23:10:29 IST" finished-at="2019-11-10T23:10:29 IST">
          <reporter-output>
          </reporter-output>
        </test-method> <!-- setEditLeadData -->
        <test-method status="PASS" signature="login(java.lang.String)[pri:0, instance:org.testleaf.qa.testcases.EditLeadTestCases@170d1b1]" name="login" is-config="true" duration-ms="8609" started-at="2019-11-10T23:11:46 IST" finished-at="2019-11-10T23:11:55 IST">
          <params>
            <param index="0">
              <value>
                <![CDATA[http://leaftaps.com/opentaps/control/main]]>
              </value>
            </param>
          </params>
          <reporter-output>
          </reporter-output>
        </test-method> <!-- login -->
        <test-method status="PASS" signature="runEditLeadTestCases(java.lang.String, java.lang.String, java.lang.String, java.lang.String, java.lang.String)[pri:2, instance:org.testleaf.qa.testcases.EditLeadTestCases@170d1b1]" name="runEditLeadTestCases" duration-ms="16085" started-at="2019-11-10T23:11:55 IST" data-provider="fetchLeadsData" finished-at="2019-11-10T23:12:11 IST">
          <params>
            <param index="0">
              <value>
                <![CDATA[DemoSalesManager]]>
              </value>
            </param>
            <param index="1">
              <value>
                <![CDATA[crmsfa]]>
              </value>
            </param>
            <param index="2">
              <value>
                <![CDATA[Vishvanathan]]>
              </value>
            </param>
            <param index="3">
              <value>
                <![CDATA[TATA Consultancy Services Limited]]>
              </value>
            </param>
            <param index="4">
              <value>
                <![CDATA[TATA Consultancy Services Limited]]>
              </value>
            </param>
          </params>
          <reporter-output>
          </reporter-output>
        </test-method> <!-- runEditLeadTestCases -->
        <test-method status="PASS" signature="closeBrowser()[pri:0, instance:org.testleaf.qa.testcases.EditLeadTestCases@170d1b1]" name="closeBrowser" is-config="true" duration-ms="252" started-at="2019-11-10T23:12:11 IST" finished-at="2019-11-10T23:12:11 IST">
          <reporter-output>
          </reporter-output>
        </test-method> <!-- closeBrowser -->
        <test-method status="PASS" signature="login(java.lang.String)[pri:0, instance:org.testleaf.qa.testcases.EditLeadTestCases@170d1b1]" name="login" is-config="true" duration-ms="8086" started-at="2019-11-10T23:12:11 IST" finished-at="2019-11-10T23:12:19 IST">
          <params>
            <param index="0">
              <value>
                <![CDATA[http://leaftaps.com/opentaps/control/main]]>
              </value>
            </param>
          </params>
          <reporter-output>
          </reporter-output>
        </test-method> <!-- login -->
        <test-method status="PASS" signature="runEditLeadTestCases(java.lang.String, java.lang.String, java.lang.String, java.lang.String, java.lang.String)[pri:2, instance:org.testleaf.qa.testcases.EditLeadTestCases@170d1b1]" name="runEditLeadTestCases" duration-ms="15522" started-at="2019-11-10T23:12:19 IST" data-provider="fetchLeadsData" finished-at="2019-11-10T23:12:35 IST">
          <params>
            <param index="0">
              <value>
                <![CDATA[DemoSalesManager]]>
              </value>
            </param>
            <param index="1">
              <value>
                <![CDATA[crmsfa]]>
              </value>
            </param>
            <param index="2">
              <value>
                <![CDATA[Vishvanathan]]>
              </value>
            </param>
            <param index="3">
              <value>
                <![CDATA[TCS]]>
              </value>
            </param>
            <param index="4">
              <value>
                <![CDATA[TCS]]>
              </value>
            </param>
          </params>
          <reporter-output>
          </reporter-output>
        </test-method> <!-- runEditLeadTestCases -->
        <test-method status="PASS" signature="closeBrowser()[pri:0, instance:org.testleaf.qa.testcases.EditLeadTestCases@170d1b1]" name="closeBrowser" is-config="true" duration-ms="2419" started-at="2019-11-10T23:12:35 IST" finished-at="2019-11-10T23:12:37 IST">
          <reporter-output>
          </reporter-output>
        </test-method> <!-- closeBrowser -->
      </class> <!-- org.testleaf.qa.testcases.EditLeadTestCases -->
      <class name="org.testleaf.qa.testcases.MergeLeadTestCases">
        <test-method status="PASS" signature="setMergeLeadData()[pri:0, instance:org.testleaf.qa.testcases.MergeLeadTestCases@1fc5fb8]" name="setMergeLeadData" is-config="true" duration-ms="0" started-at="2019-11-10T23:10:29 IST" finished-at="2019-11-10T23:10:29 IST">
          <reporter-output>
          </reporter-output>
        </test-method> <!-- setMergeLeadData -->
        <test-method status="PASS" signature="login(java.lang.String)[pri:0, instance:org.testleaf.qa.testcases.MergeLeadTestCases@1fc5fb8]" name="login" is-config="true" duration-ms="4940" started-at="2019-11-10T23:14:04 IST" finished-at="2019-11-10T23:14:09 IST">
          <params>
            <param index="0">
              <value>
                <![CDATA[http://leaftaps.com/opentaps/control/main]]>
              </value>
            </param>
          </params>
          <reporter-output>
          </reporter-output>
        </test-method> <!-- login -->
        <test-method status="PASS" signature="runMergeLeadTestCases(java.lang.String, java.lang.String, java.lang.String, java.lang.String)[pri:0, instance:org.testleaf.qa.testcases.MergeLeadTestCases@1fc5fb8]" name="runMergeLeadTestCases" duration-ms="26467" started-at="2019-11-10T23:14:09 IST" data-provider="fetchLeadsData" finished-at="2019-11-10T23:14:35 IST">
          <params>
            <param index="0">
              <value>
                <![CDATA[DemoSalesManager]]>
              </value>
            </param>
            <param index="1">
              <value>
                <![CDATA[crmsfa]]>
              </value>
            </param>
            <param index="2">
              <value>
                <![CDATA[a]]>
              </value>
            </param>
            <param index="3">
              <value>
                <![CDATA[c]]>
              </value>
            </param>
          </params>
          <reporter-output>
          </reporter-output>
        </test-method> <!-- runMergeLeadTestCases -->
        <test-method status="PASS" signature="closeBrowser()[pri:0, instance:org.testleaf.qa.testcases.MergeLeadTestCases@1fc5fb8]" name="closeBrowser" is-config="true" duration-ms="2092" started-at="2019-11-10T23:14:35 IST" finished-at="2019-11-10T23:14:37 IST">
          <reporter-output>
          </reporter-output>
        </test-method> <!-- closeBrowser -->
      </class> <!-- org.testleaf.qa.testcases.MergeLeadTestCases -->
      <class name="org.testleaf.qa.testcases.DuplicateLeadTestCases">
        <test-method status="PASS" signature="setDuplicateLeadData()[pri:0, instance:org.testleaf.qa.testcases.DuplicateLeadTestCases@742aa2]" name="setDuplicateLeadData" is-config="true" duration-ms="0" started-at="2019-11-10T23:10:29 IST" finished-at="2019-11-10T23:10:29 IST">
          <reporter-output>
          </reporter-output>
        </test-method> <!-- setDuplicateLeadData -->
        <test-method status="PASS" signature="login(java.lang.String)[pri:0, instance:org.testleaf.qa.testcases.DuplicateLeadTestCases@742aa2]" name="login" is-config="true" duration-ms="6228" started-at="2019-11-10T23:12:37 IST" finished-at="2019-11-10T23:12:43 IST">
          <params>
            <param index="0">
              <value>
                <![CDATA[http://leaftaps.com/opentaps/control/main]]>
              </value>
            </param>
          </params>
          <reporter-output>
          </reporter-output>
        </test-method> <!-- login -->
        <test-method status="PASS" signature="runDuplicateLeadTestCases(java.lang.String, java.lang.String, java.lang.String)[pri:0, instance:org.testleaf.qa.testcases.DuplicateLeadTestCases@742aa2]" name="runDuplicateLeadTestCases" duration-ms="16119" started-at="2019-11-10T23:12:43 IST" data-provider="fetchLeadsData" finished-at="2019-11-10T23:12:59 IST">
          <params>
            <param index="0">
              <value>
                <![CDATA[DemoSalesManager]]>
              </value>
            </param>
            <param index="1">
              <value>
                <![CDATA[crmsfa]]>
              </value>
            </param>
            <param index="2">
              <value>
                <![CDATA[@gmail.com]]>
              </value>
            </param>
          </params>
          <reporter-output>
          </reporter-output>
        </test-method> <!-- runDuplicateLeadTestCases -->
        <test-method status="PASS" signature="closeBrowser()[pri:0, instance:org.testleaf.qa.testcases.DuplicateLeadTestCases@742aa2]" name="closeBrowser" is-config="true" duration-ms="2337" started-at="2019-11-10T23:12:59 IST" finished-at="2019-11-10T23:13:02 IST">
          <reporter-output>
          </reporter-output>
        </test-method> <!-- closeBrowser -->
        <test-method status="PASS" signature="login(java.lang.String)[pri:0, instance:org.testleaf.qa.testcases.DuplicateLeadTestCases@742aa2]" name="login" is-config="true" duration-ms="5431" started-at="2019-11-10T23:13:02 IST" finished-at="2019-11-10T23:13:07 IST">
          <params>
            <param index="0">
              <value>
                <![CDATA[http://leaftaps.com/opentaps/control/main]]>
              </value>
            </param>
          </params>
          <reporter-output>
          </reporter-output>
        </test-method> <!-- login -->
        <test-method status="PASS" signature="runDuplicateLeadTestCases(java.lang.String, java.lang.String, java.lang.String)[pri:0, instance:org.testleaf.qa.testcases.DuplicateLeadTestCases@742aa2]" name="runDuplicateLeadTestCases" duration-ms="16766" started-at="2019-11-10T23:13:07 IST" data-provider="fetchLeadsData" finished-at="2019-11-10T23:13:24 IST">
          <params>
            <param index="0">
              <value>
                <![CDATA[DemoSalesManager]]>
              </value>
            </param>
            <param index="1">
              <value>
                <![CDATA[crmsfa]]>
              </value>
            </param>
            <param index="2">
              <value>
                <![CDATA[@]]>
              </value>
            </param>
          </params>
          <reporter-output>
          </reporter-output>
        </test-method> <!-- runDuplicateLeadTestCases -->
        <test-method status="PASS" signature="closeBrowser()[pri:0, instance:org.testleaf.qa.testcases.DuplicateLeadTestCases@742aa2]" name="closeBrowser" is-config="true" duration-ms="2116" started-at="2019-11-10T23:13:24 IST" finished-at="2019-11-10T23:13:26 IST">
          <reporter-output>
          </reporter-output>
        </test-method> <!-- closeBrowser -->
      </class> <!-- org.testleaf.qa.testcases.DuplicateLeadTestCases -->
      <class name="org.testleaf.qa.testcases.CreateLeadTestCases">
        <test-method status="PASS" signature="setCeateLeadData()[pri:0, instance:org.testleaf.qa.testcases.CreateLeadTestCases@556333]" name="setCeateLeadData" is-config="true" duration-ms="25" started-at="2019-11-10T23:10:29 IST" finished-at="2019-11-10T23:10:29 IST">
          <reporter-output>
          </reporter-output>
        </test-method> <!-- setCeateLeadData -->
        <test-method status="PASS" signature="login(java.lang.String)[pri:0, instance:org.testleaf.qa.testcases.CreateLeadTestCases@556333]" name="login" is-config="true" duration-ms="22390" started-at="2019-11-10T23:10:31 IST" finished-at="2019-11-10T23:10:53 IST">
          <params>
            <param index="0">
              <value>
                <![CDATA[http://leaftaps.com/opentaps/control/main]]>
              </value>
            </param>
          </params>
          <reporter-output>
          </reporter-output>
        </test-method> <!-- login -->
        <test-method status="PASS" signature="runCreateLeadTestCases(java.lang.String, java.lang.String, java.lang.String, java.lang.String, java.lang.String, java.lang.String)[pri:1, instance:org.testleaf.qa.testcases.CreateLeadTestCases@556333]" name="runCreateLeadTestCases" duration-ms="22206" started-at="2019-11-10T23:10:53 IST" data-provider="fetchLeadsData" finished-at="2019-11-10T23:11:15 IST">
          <params>
            <param index="0">
              <value>
                <![CDATA[DemoSalesManager]]>
              </value>
            </param>
            <param index="1">
              <value>
                <![CDATA[crmsfa]]>
              </value>
            </param>
            <param index="2">
              <value>
                <![CDATA[TCS]]>
              </value>
            </param>
            <param index="3">
              <value>
                <![CDATA[Vishvanathan]]>
              </value>
            </param>
            <param index="4">
              <value>
                <![CDATA[Veerabathiran]]>
              </value>
            </param>
            <param index="5">
              <value>
                <![CDATA[Vishvanathan]]>
              </value>
            </param>
          </params>
          <reporter-output>
          </reporter-output>
        </test-method> <!-- runCreateLeadTestCases -->
        <test-method status="PASS" signature="closeBrowser()[pri:0, instance:org.testleaf.qa.testcases.CreateLeadTestCases@556333]" name="closeBrowser" is-config="true" duration-ms="2515" started-at="2019-11-10T23:11:15 IST" finished-at="2019-11-10T23:11:18 IST">
          <reporter-output>
          </reporter-output>
        </test-method> <!-- closeBrowser -->
        <test-method status="PASS" signature="login(java.lang.String)[pri:0, instance:org.testleaf.qa.testcases.CreateLeadTestCases@556333]" name="login" is-config="true" duration-ms="10041" started-at="2019-11-10T23:11:18 IST" finished-at="2019-11-10T23:11:28 IST">
          <params>
            <param index="0">
              <value>
                <![CDATA[http://leaftaps.com/opentaps/control/main]]>
              </value>
            </param>
          </params>
          <reporter-output>
          </reporter-output>
        </test-method> <!-- login -->
        <test-method status="PASS" signature="runCreateLeadTestCases(java.lang.String, java.lang.String, java.lang.String, java.lang.String, java.lang.String, java.lang.String)[pri:1, instance:org.testleaf.qa.testcases.CreateLeadTestCases@556333]" name="runCreateLeadTestCases" duration-ms="15659" started-at="2019-11-10T23:11:28 IST" data-provider="fetchLeadsData" finished-at="2019-11-10T23:11:43 IST">
          <params>
            <param index="0">
              <value>
                <![CDATA[Democsr]]>
              </value>
            </param>
            <param index="1">
              <value>
                <![CDATA[crmsfa]]>
              </value>
            </param>
            <param index="2">
              <value>
                <![CDATA[Tata Consultancy Services Limited]]>
              </value>
            </param>
            <param index="3">
              <value>
                <![CDATA[Vishvanathan]]>
              </value>
            </param>
            <param index="4">
              <value>
                <![CDATA[Veerabathiran]]>
              </value>
            </param>
            <param index="5">
              <value>
                <![CDATA[Vishvanathan]]>
              </value>
            </param>
          </params>
          <reporter-output>
          </reporter-output>
        </test-method> <!-- runCreateLeadTestCases -->
        <test-method status="PASS" signature="closeBrowser()[pri:0, instance:org.testleaf.qa.testcases.CreateLeadTestCases@556333]" name="closeBrowser" is-config="true" duration-ms="2449" started-at="2019-11-10T23:11:43 IST" finished-at="2019-11-10T23:11:46 IST">
          <reporter-output>
          </reporter-output>
        </test-method> <!-- closeBrowser -->
      </class> <!-- org.testleaf.qa.testcases.CreateLeadTestCases -->
    </test> <!-- CreateLead Test Automation Page Object Model Test Cases -->
  </suite> <!-- CreateLead Test Automation Page Object Model Suite -->
</testng-results>
