<?xml version="1.0" encoding="UTF-8"?>
<!-- Generated by org.testng.reporters.JUnitXMLReporter -->
<testsuite hostname="Mouneesh-PC" ignored="0" name="CreateLead Test Automation Page Object Model Test Cases" tests="8" failures="0" timestamp="2019-11-10T23:14:37 IST" time="248.069" errors="0">
  <testcase name="runCreateLeadTestCases" time="22.206" classname="org.testleaf.qa.testcases.CreateLeadTestCases"/>
  <testcase name="runCreateLeadTestCases" time="15.659" classname="org.testleaf.qa.testcases.CreateLeadTestCases"/>
  <testcase name="runEditLeadTestCases" time="16.085" classname="org.testleaf.qa.testcases.EditLeadTestCases"/>
  <testcase name="runEditLeadTestCases" time="15.522" classname="org.testleaf.qa.testcases.EditLeadTestCases"/>
  <testcase name="runDuplicateLeadTestCases" time="16.119" classname="org.testleaf.qa.testcases.DuplicateLeadTestCases"/>
  <testcase name="runDuplicateLeadTestCases" time="16.766" classname="org.testleaf.qa.testcases.DuplicateLeadTestCases"/>
  <testcase name="runDeleteLeadTestCases" time="30.623" classname="org.testleaf.qa.testcases.DeleteLeadTestCases"/>
  <testcase name="runMergeLeadTestCases" time="26.467" classname="org.testleaf.qa.testcases.MergeLeadTestCases"/>
</testsuite> <!-- CreateLead Test Automation Page Object Model Test Cases -->
